current directory: /home/deploy/TodoLegal/shared/bundle/ruby/3.0.0/gems/thin-1.8.0/ext/thin_parser
/home/ubuntu/.rbenv/versions/3.0.1/bin/ruby -I /home/ubuntu/.rbenv/versions/3.0.1/lib/ruby/3.0.0 -r ./siteconf20210626-23102-86bctb.rb extconf.rb
checking for main() in -lc... yes
creating Makefile

current directory: /home/deploy/TodoLegal/shared/bundle/ruby/3.0.0/gems/thin-1.8.0/ext/thin_parser
make DESTDIR\= clean

current directory: /home/deploy/TodoLegal/shared/bundle/ruby/3.0.0/gems/thin-1.8.0/ext/thin_parser
make DESTDIR\=
compiling parser.c
parser.c:31:18: warning: ‘http_parser_en_main’ defined but not used [-Wunused-const-variable=]
   31 | static const int http_parser_en_main = 1;
      |                  ^~~~~~~~~~~~~~~~~~~
cc1: warning: unrecognized command line option ‘-Wno-self-assign’
cc1: warning: unrecognized command line option ‘-Wno-parentheses-equality’
cc1: warning: unrecognized command line option ‘-Wno-constant-logical-operand’
compiling thin.c
linking shared-object thin_parser.so

current directory: /home/deploy/TodoLegal/shared/bundle/ruby/3.0.0/gems/thin-1.8.0/ext/thin_parser
make DESTDIR\= install
/usr/bin/install -c -m 0755 thin_parser.so ./.gem.20210626-23102-g2o4yx
